2025-04-26 19:47:08,346 - api.bybit_api - INFO - Bybit API initialized (testnet: True)
2025-04-26 19:47:08,347 - api.bybit_api - INFO - Bybit API session created successfully
2025-04-26 19:47:08,347 - api.bybit_api - INFO - Hole alle verfügbaren Symbole für Kategorie: linear
2025-04-26 19:47:08,348 - api.bybit_api - DEBUG - Calling API: get_instruments_info with params: {'category': 'linear'}
2025-04-26 19:47:08,985 - api.bybit_api - INFO - API GET to get_instruments_info completed: status=0, message=OK
2025-04-26 19:47:08,985 - api.bybit_api - DEBUG - API call get_instruments_info successful in 636.80ms
2025-04-26 19:47:08,986 - api.bybit_api - INFO - 500 Symbole erfolgreich abgerufen
2025-04-26 19:47:09,721 - api.bybit_api - DEBUG - Making API request: GET https://api-testnet.bybit.com/v5/market/kline with params: {'symbol': '10000000AIDOGEUSDT', 'interval': '15', 'limit': 1000}
2025-04-26 19:47:10,086 - api.bybit_api - DEBUG - API request successful: GET /v5/market/kline
2025-04-26 19:47:10,086 - api.bybit_api - DEBUG - API response for 10000000AIDOGEUSDT (15) received
2025-04-26 19:47:10,091 - api.bybit_api - DEBUG - Candle data for 10000000AIDOGEUSDT (15) saved to cache
2025-04-26 19:47:11,222 - api.bybit_api - DEBUG - Making API request: GET https://api-testnet.bybit.com/v5/market/kline with params: {'symbol': '1000000BABYDOGEUSDT', 'interval': '15', 'limit': 1000}
2025-04-26 19:47:11,935 - api.bybit_api - DEBUG - API request successful: GET /v5/market/kline
2025-04-26 19:47:11,936 - api.bybit_api - DEBUG - API response for 1000000BABYDOGEUSDT (15) received
2025-04-26 19:47:11,939 - api.bybit_api - DEBUG - Candle data for 1000000BABYDOGEUSDT (15) saved to cache
2025-04-26 19:47:12,753 - api.bybit_api - DEBUG - Making API request: GET https://api-testnet.bybit.com/v5/market/kline with params: {'symbol': '1000000CHEEMSUSDT', 'interval': '15', 'limit': 1000}
2025-04-26 19:47:13,806 - api.bybit_api - DEBUG - API request successful: GET /v5/market/kline
2025-04-26 19:47:13,806 - api.bybit_api - DEBUG - API response for 1000000CHEEMSUSDT (15) received
2025-04-26 19:47:13,810 - api.bybit_api - DEBUG - Candle data for 1000000CHEEMSUSDT (15) saved to cache
2025-04-26 19:47:14,630 - api.bybit_api - DEBUG - Making API request: GET https://api-testnet.bybit.com/v5/market/kline with params: {'symbol': '1000000MOGUSDT', 'interval': '15', 'limit': 1000}
2025-04-26 19:47:15,671 - api.bybit_api - DEBUG - API request successful: GET /v5/market/kline
2025-04-26 19:47:15,671 - api.bybit_api - DEBUG - API response for 1000000MOGUSDT (15) received
2025-04-26 19:47:15,674 - api.bybit_api - DEBUG - Candle data for 1000000MOGUSDT (15) saved to cache
2025-04-26 19:47:16,471 - api.bybit_api - DEBUG - Making API request: GET https://api-testnet.bybit.com/v5/market/kline with params: {'symbol': '1000000PEIPEIUSDT', 'interval': '15', 'limit': 1000}
2025-04-26 19:47:16,831 - api.bybit_api - DEBUG - API request successful: GET /v5/market/kline
2025-04-26 19:47:16,831 - api.bybit_api - DEBUG - API response for 1000000PEIPEIUSDT (15) received
2025-04-26 19:47:16,834 - api.bybit_api - DEBUG - Candle data for 1000000PEIPEIUSDT (15) saved to cache
2025-04-26 19:47:17,631 - api.bybit_api - DEBUG - Making API request: GET https://api-testnet.bybit.com/v5/market/kline with params: {'symbol': '10000COQUSDT', 'interval': '15', 'limit': 1000}
2025-04-26 19:47:18,351 - api.bybit_api - DEBUG - API request successful: GET /v5/market/kline
2025-04-26 19:47:18,351 - api.bybit_api - DEBUG - API response for 10000COQUSDT (15) received
2025-04-26 19:47:18,354 - api.bybit_api - DEBUG - Candle data for 10000COQUSDT (15) saved to cache
2025-04-26 19:47:19,519 - api.bybit_api - DEBUG - Making API request: GET https://api-testnet.bybit.com/v5/market/kline with params: {'symbol': '10000ELONUSDT', 'interval': '15', 'limit': 1000}
2025-04-26 19:47:19,866 - api.bybit_api - DEBUG - API request successful: GET /v5/market/kline
2025-04-26 19:47:19,866 - api.bybit_api - DEBUG - API response for 10000ELONUSDT (15) received
2025-04-26 19:47:19,870 - api.bybit_api - DEBUG - Candle data for 10000ELONUSDT (15) saved to cache
2025-04-26 19:47:20,658 - api.bybit_api - DEBUG - Making API request: GET https://api-testnet.bybit.com/v5/market/kline with params: {'symbol': '10000LADYSUSDT', 'interval': '15', 'limit': 1000}
2025-04-26 19:47:21,015 - api.bybit_api - DEBUG - API request successful: GET /v5/market/kline
2025-04-26 19:47:21,015 - api.bybit_api - DEBUG - API response for 10000LADYSUSDT (15) received
2025-04-26 19:47:21,018 - api.bybit_api - DEBUG - Candle data for 10000LADYSUSDT (15) saved to cache
2025-04-26 19:47:21,790 - api.bybit_api - DEBUG - Making API request: GET https://api-testnet.bybit.com/v5/market/kline with params: {'symbol': '10000QUBICUSDT', 'interval': '15', 'limit': 1000}
2025-04-26 19:47:22,150 - api.bybit_api - DEBUG - API request successful: GET /v5/market/kline
2025-04-26 19:47:22,151 - api.bybit_api - DEBUG - API response for 10000QUBICUSDT (15) received
2025-04-26 19:47:22,154 - api.bybit_api - DEBUG - Candle data for 10000QUBICUSDT (15) saved to cache
2025-04-26 19:47:22,939 - api.bybit_api - DEBUG - Making API request: GET https://api-testnet.bybit.com/v5/market/kline with params: {'symbol': '10000SATSUSDT', 'interval': '15', 'limit': 1000}
2025-04-26 19:47:23,305 - api.bybit_api - DEBUG - API request successful: GET /v5/market/kline
2025-04-26 19:47:23,306 - api.bybit_api - DEBUG - API response for 10000SATSUSDT (15) received
2025-04-26 19:47:23,309 - api.bybit_api - DEBUG - Candle data for 10000SATSUSDT (15) saved to cache
2025-04-26 19:47:27,086 - api.bybit_api - DEBUG - Making API request: GET https://api-testnet.bybit.com/v5/market/kline with params: {'symbol': '10000WENUSDT', 'interval': '15', 'limit': 1000}
2025-04-26 19:47:27,448 - api.bybit_api - DEBUG - API request successful: GET /v5/market/kline
2025-04-26 19:47:27,449 - api.bybit_api - DEBUG - API response for 10000WENUSDT (15) received
2025-04-26 19:47:27,451 - api.bybit_api - DEBUG - Candle data for 10000WENUSDT (15) saved to cache
2025-04-26 19:47:28,236 - api.bybit_api - DEBUG - Making API request: GET https://api-testnet.bybit.com/v5/market/kline with params: {'symbol': '10000WHYUSDT', 'interval': '15', 'limit': 1000}
2025-04-26 19:47:28,611 - api.bybit_api - DEBUG - API request successful: GET /v5/market/kline
2025-04-26 19:47:28,611 - api.bybit_api - DEBUG - API response for 10000WHYUSDT (15) received
2025-04-26 19:47:28,615 - api.bybit_api - DEBUG - Candle data for 10000WHYUSDT (15) saved to cache
2025-04-26 19:47:29,727 - api.bybit_api - DEBUG - Making API request: GET https://api-testnet.bybit.com/v5/market/kline with params: {'symbol': '1000APUUSDT', 'interval': '15', 'limit': 1000}
2025-04-26 19:47:30,114 - api.bybit_api - DEBUG - API request successful: GET /v5/market/kline
2025-04-26 19:47:30,115 - api.bybit_api - DEBUG - API response for 1000APUUSDT (15) received
2025-04-26 19:47:30,118 - api.bybit_api - DEBUG - Candle data for 1000APUUSDT (15) saved to cache
2025-04-26 19:47:30,891 - api.bybit_api - DEBUG - Making API request: GET https://api-testnet.bybit.com/v5/market/kline with params: {'symbol': '1000BONKPERP', 'interval': '15', 'limit': 1000}
2025-04-26 19:47:31,600 - api.bybit_api - DEBUG - API request successful: GET /v5/market/kline
2025-04-26 19:47:31,601 - api.bybit_api - DEBUG - API response for 1000BONKPERP (15) received
2025-04-26 19:47:31,603 - api.bybit_api - DEBUG - Candle data for 1000BONKPERP (15) saved to cache
2025-04-26 19:47:32,446 - api.bybit_api - DEBUG - Making API request: GET https://api-testnet.bybit.com/v5/market/kline with params: {'symbol': '1000BONKUSDT', 'interval': '15', 'limit': 1000}
2025-04-26 19:47:32,820 - api.bybit_api - DEBUG - API request successful: GET /v5/market/kline
2025-04-26 19:47:32,820 - api.bybit_api - DEBUG - API response for 1000BONKUSDT (15) received
2025-04-26 19:47:32,823 - api.bybit_api - DEBUG - Candle data for 1000BONKUSDT (15) saved to cache
2025-04-26 19:47:33,590 - api.bybit_api - DEBUG - Making API request: GET https://api-testnet.bybit.com/v5/market/kline with params: {'symbol': '1000BTTUSDT', 'interval': '15', 'limit': 1000}
2025-04-26 19:47:33,945 - api.bybit_api - DEBUG - API request successful: GET /v5/market/kline
2025-04-26 19:47:33,945 - api.bybit_api - DEBUG - API response for 1000BTTUSDT (15) received
2025-04-26 19:47:33,950 - api.bybit_api - DEBUG - Candle data for 1000BTTUSDT (15) saved to cache
2025-04-26 19:47:34,741 - api.bybit_api - DEBUG - Making API request: GET https://api-testnet.bybit.com/v5/market/kline with params: {'symbol': '1000CATSUSDT', 'interval': '15', 'limit': 1000}
2025-04-26 19:47:35,446 - api.bybit_api - DEBUG - API request successful: GET /v5/market/kline
2025-04-26 19:47:35,446 - api.bybit_api - DEBUG - API response for 1000CATSUSDT (15) received
2025-04-26 19:47:35,450 - api.bybit_api - DEBUG - Candle data for 1000CATSUSDT (15) saved to cache
2025-04-26 19:47:36,291 - api.bybit_api - DEBUG - Making API request: GET https://api-testnet.bybit.com/v5/market/kline with params: {'symbol': '1000CATUSDT', 'interval': '15', 'limit': 1000}
2025-04-26 19:47:37,340 - api.bybit_api - DEBUG - API request successful: GET /v5/market/kline
2025-04-26 19:47:37,341 - api.bybit_api - DEBUG - API response for 1000CATUSDT (15) received
2025-04-26 19:47:37,344 - api.bybit_api - DEBUG - Candle data for 1000CATUSDT (15) saved to cache
2025-04-26 19:47:38,131 - api.bybit_api - DEBUG - Making API request: GET https://api-testnet.bybit.com/v5/market/kline with params: {'symbol': '1000FLOKIUSDT', 'interval': '15', 'limit': 1000}
2025-04-26 19:47:38,482 - api.bybit_api - DEBUG - API request successful: GET /v5/market/kline
2025-04-26 19:47:38,483 - api.bybit_api - DEBUG - API response for 1000FLOKIUSDT (15) received
2025-04-26 19:47:38,485 - api.bybit_api - DEBUG - Candle data for 1000FLOKIUSDT (15) saved to cache
2025-04-26 19:47:39,626 - api.bybit_api - DEBUG - Making API request: GET https://api-testnet.bybit.com/v5/market/kline with params: {'symbol': '1000LUNCUSDT', 'interval': '15', 'limit': 1000}
2025-04-26 19:47:39,988 - api.bybit_api - DEBUG - API request successful: GET /v5/market/kline
2025-04-26 19:47:39,988 - api.bybit_api - DEBUG - API response for 1000LUNCUSDT (15) received
2025-04-26 19:47:39,992 - api.bybit_api - DEBUG - Candle data for 1000LUNCUSDT (15) saved to cache
2025-04-26 19:47:44,123 - api.bybit_api - DEBUG - Making API request: GET https://api-testnet.bybit.com/v5/market/kline with params: {'symbol': '1000MUMUUSDT', 'interval': '15', 'limit': 1000}
2025-04-26 19:47:44,840 - api.bybit_api - DEBUG - API request successful: GET /v5/market/kline
2025-04-26 19:47:44,841 - api.bybit_api - DEBUG - API response for 1000MUMUUSDT (15) received
2025-04-26 19:47:44,844 - api.bybit_api - DEBUG - Candle data for 1000MUMUUSDT (15) saved to cache
2025-04-26 19:47:45,669 - api.bybit_api - DEBUG - Making API request: GET https://api-testnet.bybit.com/v5/market/kline with params: {'symbol': '1000NEIROCTOUSDT', 'interval': '15', 'limit': 1000}
2025-04-26 19:47:46,045 - api.bybit_api - DEBUG - API request successful: GET /v5/market/kline
2025-04-26 19:47:46,045 - api.bybit_api - DEBUG - API response for 1000NEIROCTOUSDT (15) received
2025-04-26 19:47:46,048 - api.bybit_api - DEBUG - Candle data for 1000NEIROCTOUSDT (15) saved to cache
2025-04-26 19:47:47,162 - api.bybit_api - DEBUG - Making API request: GET https://api-testnet.bybit.com/v5/market/kline with params: {'symbol': '1000PEPEPERP', 'interval': '15', 'limit': 1000}
2025-04-26 19:47:47,520 - api.bybit_api - DEBUG - API request successful: GET /v5/market/kline
2025-04-26 19:47:47,521 - api.bybit_api - DEBUG - API response for 1000PEPEPERP (15) received
2025-04-26 19:47:47,524 - api.bybit_api - DEBUG - Candle data for 1000PEPEPERP (15) saved to cache
2025-04-26 19:47:48,294 - api.bybit_api - DEBUG - Making API request: GET https://api-testnet.bybit.com/v5/market/kline with params: {'symbol': '1000PEPEUSDT', 'interval': '15', 'limit': 1000}
2025-04-26 19:47:48,640 - api.bybit_api - DEBUG - API request successful: GET /v5/market/kline
2025-04-26 19:47:48,640 - api.bybit_api - DEBUG - API response for 1000PEPEUSDT (15) received
2025-04-26 19:47:48,643 - api.bybit_api - DEBUG - Candle data for 1000PEPEUSDT (15) saved to cache
2025-04-26 19:47:49,781 - api.bybit_api - DEBUG - Making API request: GET https://api-testnet.bybit.com/v5/market/kline with params: {'symbol': '1000RATSUSDT', 'interval': '15', 'limit': 1000}
2025-04-26 19:47:50,471 - api.bybit_api - DEBUG - API request successful: GET /v5/market/kline
2025-04-26 19:47:50,471 - api.bybit_api - DEBUG - API response for 1000RATSUSDT (15) received
2025-04-26 19:47:50,477 - api.bybit_api - DEBUG - Candle data for 1000RATSUSDT (15) saved to cache
2025-04-26 19:47:51,219 - api.bybit_api - DEBUG - Making API request: GET https://api-testnet.bybit.com/v5/market/kline with params: {'symbol': '1000TOSHIUSDT', 'interval': '15', 'limit': 1000}
2025-04-26 19:47:51,929 - api.bybit_api - DEBUG - API request successful: GET /v5/market/kline
2025-04-26 19:47:51,930 - api.bybit_api - DEBUG - API response for 1000TOSHIUSDT (15) received
2025-04-26 19:47:51,933 - api.bybit_api - DEBUG - Candle data for 1000TOSHIUSDT (15) saved to cache
2025-04-26 19:47:52,776 - api.bybit_api - DEBUG - Making API request: GET https://api-testnet.bybit.com/v5/market/kline with params: {'symbol': '1000TURBOUSDT', 'interval': '15', 'limit': 1000}
2025-04-26 19:47:53,135 - api.bybit_api - DEBUG - API request successful: GET /v5/market/kline
2025-04-26 19:47:53,136 - api.bybit_api - DEBUG - API response for 1000TURBOUSDT (15) received
2025-04-26 19:47:53,139 - api.bybit_api - DEBUG - Candle data for 1000TURBOUSDT (15) saved to cache
2025-04-26 19:47:53,902 - api.bybit_api - DEBUG - Making API request: GET https://api-testnet.bybit.com/v5/market/kline with params: {'symbol': '1000XECUSDT', 'interval': '15', 'limit': 1000}
2025-04-26 19:47:54,299 - api.bybit_api - DEBUG - API request successful: GET /v5/market/kline
2025-04-26 19:47:54,300 - api.bybit_api - DEBUG - API response for 1000XECUSDT (15) received
2025-04-26 19:47:54,303 - api.bybit_api - DEBUG - Candle data for 1000XECUSDT (15) saved to cache
2025-04-26 19:47:55,037 - api.bybit_api - DEBUG - Making API request: GET https://api-testnet.bybit.com/v5/market/kline with params: {'symbol': '1000XUSDT', 'interval': '15', 'limit': 1000}
2025-04-26 19:47:55,401 - api.bybit_api - DEBUG - API request successful: GET /v5/market/kline
2025-04-26 19:47:55,402 - api.bybit_api - DEBUG - API response for 1000XUSDT (15) received
2025-04-26 19:47:55,406 - api.bybit_api - DEBUG - Candle data for 1000XUSDT (15) saved to cache
2025-04-26 19:47:56,188 - api.bybit_api - DEBUG - Making API request: GET https://api-testnet.bybit.com/v5/market/kline with params: {'symbol': '1INCHUSDT', 'interval': '15', 'limit': 1000}
2025-04-26 19:47:56,545 - api.bybit_api - DEBUG - API request successful: GET /v5/market/kline
2025-04-26 19:47:56,546 - api.bybit_api - DEBUG - API response for 1INCHUSDT (15) received
2025-04-26 19:47:56,549 - api.bybit_api - DEBUG - Candle data for 1INCHUSDT (15) saved to cache
2025-04-26 19:48:00,321 - api.bybit_api - DEBUG - Making API request: GET https://api-testnet.bybit.com/v5/market/kline with params: {'symbol': 'A8USDT', 'interval': '15', 'limit': 1000}
2025-04-26 19:48:00,680 - api.bybit_api - DEBUG - API request successful: GET /v5/market/kline
2025-04-26 19:48:00,680 - api.bybit_api - DEBUG - API response for A8USDT (15) received
2025-04-26 19:48:00,683 - api.bybit_api - DEBUG - Candle data for A8USDT (15) saved to cache
2025-04-26 19:48:01,466 - api.bybit_api - DEBUG - Making API request: GET https://api-testnet.bybit.com/v5/market/kline with params: {'symbol': 'AAVEUSDT', 'interval': '15', 'limit': 1000}
2025-04-26 19:48:01,824 - api.bybit_api - DEBUG - API request successful: GET /v5/market/kline
2025-04-26 19:48:01,825 - api.bybit_api - DEBUG - API response for AAVEUSDT (15) received
2025-04-26 19:48:01,828 - api.bybit_api - DEBUG - Candle data for AAVEUSDT (15) saved to cache
2025-04-26 19:48:02,619 - api.bybit_api - DEBUG - Making API request: GET https://api-testnet.bybit.com/v5/market/kline with params: {'symbol': 'ACEUSDT', 'interval': '15', 'limit': 1000}
2025-04-26 19:48:02,985 - api.bybit_api - DEBUG - API request successful: GET /v5/market/kline
2025-04-26 19:48:02,986 - api.bybit_api - DEBUG - API response for ACEUSDT (15) received
2025-04-26 19:48:02,989 - api.bybit_api - DEBUG - Candle data for ACEUSDT (15) saved to cache
2025-04-26 19:48:03,770 - api.bybit_api - DEBUG - Making API request: GET https://api-testnet.bybit.com/v5/market/kline with params: {'symbol': 'ACHUSDT', 'interval': '15', 'limit': 1000}
2025-04-26 19:48:04,144 - api.bybit_api - DEBUG - API request successful: GET /v5/market/kline
2025-04-26 19:48:04,145 - api.bybit_api - DEBUG - API response for ACHUSDT (15) received
2025-04-26 19:48:04,148 - api.bybit_api - DEBUG - Candle data for ACHUSDT (15) saved to cache
2025-04-26 19:48:05,260 - api.bybit_api - DEBUG - Making API request: GET https://api-testnet.bybit.com/v5/market/kline with params: {'symbol': 'ACTUSDT', 'interval': '15', 'limit': 1000}
2025-04-26 19:48:05,620 - api.bybit_api - DEBUG - API request successful: GET /v5/market/kline
2025-04-26 19:48:05,620 - api.bybit_api - DEBUG - API response for ACTUSDT (15) received
2025-04-26 19:48:05,623 - api.bybit_api - DEBUG - Candle data for ACTUSDT (15) saved to cache
2025-04-26 19:48:06,735 - api.bybit_api - DEBUG - Making API request: GET https://api-testnet.bybit.com/v5/market/kline with params: {'symbol': 'ACXUSDT', 'interval': '15', 'limit': 1000}
2025-04-26 19:48:07,100 - api.bybit_api - DEBUG - API request successful: GET /v5/market/kline
2025-04-26 19:48:07,101 - api.bybit_api - DEBUG - API response for ACXUSDT (15) received
2025-04-26 19:48:07,104 - api.bybit_api - DEBUG - Candle data for ACXUSDT (15) saved to cache
2025-04-26 19:48:07,874 - api.bybit_api - DEBUG - Making API request: GET https://api-testnet.bybit.com/v5/market/kline with params: {'symbol': 'ADAUSDT', 'interval': '15', 'limit': 1000}
2025-04-26 19:48:08,230 - api.bybit_api - DEBUG - API request successful: GET /v5/market/kline
2025-04-26 19:48:08,230 - api.bybit_api - DEBUG - API response for ADAUSDT (15) received
2025-04-26 19:48:08,233 - api.bybit_api - DEBUG - Candle data for ADAUSDT (15) saved to cache
2025-04-26 19:48:09,355 - api.bybit_api - DEBUG - Making API request: GET https://api-testnet.bybit.com/v5/market/kline with params: {'symbol': 'AERGOUSDT', 'interval': '15', 'limit': 1000}
2025-04-26 19:48:09,799 - api.bybit_api - DEBUG - API request successful: GET /v5/market/kline
2025-04-26 19:48:09,800 - api.bybit_api - DEBUG - API response for AERGOUSDT (15) received
2025-04-26 19:48:09,803 - api.bybit_api - DEBUG - Candle data for AERGOUSDT (15) saved to cache
2025-04-26 19:48:10,591 - api.bybit_api - DEBUG - Making API request: GET https://api-testnet.bybit.com/v5/market/kline with params: {'symbol': 'AEROUSDT', 'interval': '15', 'limit': 1000}
2025-04-26 19:48:10,959 - api.bybit_api - DEBUG - API request successful: GET /v5/market/kline
2025-04-26 19:48:10,960 - api.bybit_api - DEBUG - API response for AEROUSDT (15) received
2025-04-26 19:48:10,963 - api.bybit_api - DEBUG - Candle data for AEROUSDT (15) saved to cache
2025-04-26 19:48:12,091 - api.bybit_api - DEBUG - Making API request: GET https://api-testnet.bybit.com/v5/market/kline with params: {'symbol': 'AEVOPERP', 'interval': '15', 'limit': 1000}
2025-04-26 19:48:12,470 - api.bybit_api - DEBUG - API request successful: GET /v5/market/kline
2025-04-26 19:48:12,471 - api.bybit_api - DEBUG - API response for AEVOPERP (15) received
2025-04-26 19:48:12,474 - api.bybit_api - DEBUG - Candle data for AEVOPERP (15) saved to cache
2025-04-26 19:48:16,256 - api.bybit_api - DEBUG - Making API request: GET https://api-testnet.bybit.com/v5/market/kline with params: {'symbol': 'AEVOUSDT', 'interval': '15', 'limit': 1000}
2025-04-26 19:48:16,609 - api.bybit_api - DEBUG - API request successful: GET /v5/market/kline
2025-04-26 19:48:16,610 - api.bybit_api - DEBUG - API response for AEVOUSDT (15) received
2025-04-26 19:48:16,613 - api.bybit_api - DEBUG - Candle data for AEVOUSDT (15) saved to cache
2025-04-26 19:48:17,743 - api.bybit_api - DEBUG - Making API request: GET https://api-testnet.bybit.com/v5/market/kline with params: {'symbol': 'AGIUSDT', 'interval': '15', 'limit': 1000}
2025-04-26 19:48:18,110 - api.bybit_api - DEBUG - API request successful: GET /v5/market/kline
2025-04-26 19:48:18,110 - api.bybit_api - DEBUG - API response for AGIUSDT (15) received
2025-04-26 19:48:18,115 - api.bybit_api - DEBUG - Candle data for AGIUSDT (15) saved to cache
2025-04-26 19:48:18,877 - api.bybit_api - DEBUG - Making API request: GET https://api-testnet.bybit.com/v5/market/kline with params: {'symbol': 'AGLDUSDT', 'interval': '15', 'limit': 1000}
2025-04-26 19:48:19,222 - api.bybit_api - DEBUG - API request successful: GET /v5/market/kline
2025-04-26 19:48:19,222 - api.bybit_api - DEBUG - API response for AGLDUSDT (15) received
2025-04-26 19:48:19,225 - api.bybit_api - DEBUG - Candle data for AGLDUSDT (15) saved to cache
2025-04-26 19:48:20,013 - api.bybit_api - DEBUG - Making API request: GET https://api-testnet.bybit.com/v5/market/kline with params: {'symbol': 'AI16ZUSDT', 'interval': '15', 'limit': 1000}
2025-04-26 19:48:21,064 - api.bybit_api - DEBUG - API request successful: GET /v5/market/kline
2025-04-26 19:48:21,065 - api.bybit_api - DEBUG - API response for AI16ZUSDT (15) received
2025-04-26 19:48:21,068 - api.bybit_api - DEBUG - Candle data for AI16ZUSDT (15) saved to cache
2025-04-26 19:48:21,864 - api.bybit_api - DEBUG - Making API request: GET https://api-testnet.bybit.com/v5/market/kline with params: {'symbol': 'AIOZUSDT', 'interval': '15', 'limit': 1000}
2025-04-26 19:48:22,230 - api.bybit_api - DEBUG - API request successful: GET /v5/market/kline
2025-04-26 19:48:22,230 - api.bybit_api - DEBUG - API response for AIOZUSDT (15) received
2025-04-26 19:48:22,233 - api.bybit_api - DEBUG - Candle data for AIOZUSDT (15) saved to cache
2025-04-26 19:48:22,992 - api.bybit_api - DEBUG - Making API request: GET https://api-testnet.bybit.com/v5/market/kline with params: {'symbol': 'AIUSDT', 'interval': '15', 'limit': 1000}
2025-04-26 19:48:23,397 - api.bybit_api - DEBUG - API request successful: GET /v5/market/kline
2025-04-26 19:48:23,397 - api.bybit_api - DEBUG - API response for AIUSDT (15) received
2025-04-26 19:48:23,400 - api.bybit_api - DEBUG - Candle data for AIUSDT (15) saved to cache
2025-04-26 19:48:24,222 - api.bybit_api - DEBUG - Making API request: GET https://api-testnet.bybit.com/v5/market/kline with params: {'symbol': 'AIXBTUSDT', 'interval': '15', 'limit': 1000}
2025-04-26 19:48:24,579 - api.bybit_api - DEBUG - API request successful: GET /v5/market/kline
2025-04-26 19:48:24,579 - api.bybit_api - DEBUG - API response for AIXBTUSDT (15) received
2025-04-26 19:48:24,582 - api.bybit_api - DEBUG - Candle data for AIXBTUSDT (15) saved to cache
2025-04-26 19:48:25,370 - api.bybit_api - DEBUG - Making API request: GET https://api-testnet.bybit.com/v5/market/kline with params: {'symbol': 'AKTUSDT', 'interval': '15', 'limit': 1000}
2025-04-26 19:48:25,739 - api.bybit_api - DEBUG - API request successful: GET /v5/market/kline
2025-04-26 19:48:25,740 - api.bybit_api - DEBUG - API response for AKTUSDT (15) received
2025-04-26 19:48:25,742 - api.bybit_api - DEBUG - Candle data for AKTUSDT (15) saved to cache
2025-04-26 19:48:26,517 - api.bybit_api - DEBUG - Making API request: GET https://api-testnet.bybit.com/v5/market/kline with params: {'symbol': 'ALCHUSDT', 'interval': '15', 'limit': 1000}
2025-04-26 19:48:26,874 - api.bybit_api - DEBUG - API request successful: GET /v5/market/kline
2025-04-26 19:48:26,875 - api.bybit_api - DEBUG - API response for ALCHUSDT (15) received
2025-04-26 19:48:26,877 - api.bybit_api - DEBUG - Candle data for ALCHUSDT (15) saved to cache
2025-04-26 19:48:27,656 - api.bybit_api - DEBUG - Making API request: GET https://api-testnet.bybit.com/v5/market/kline with params: {'symbol': 'ALEOUSDT', 'interval': '15', 'limit': 1000}
2025-04-26 19:48:28,009 - api.bybit_api - DEBUG - API request successful: GET /v5/market/kline
2025-04-26 19:48:28,010 - api.bybit_api - DEBUG - API response for ALEOUSDT (15) received
2025-04-26 19:48:28,013 - api.bybit_api - DEBUG - Candle data for ALEOUSDT (15) saved to cache
