2025-04-26 19:18:26,302 - strategy.rsimacdstrategy - INFO - RSIMACDStrategy Strategie initialisiert
2025-04-26 19:18:26,303 - strategy.rsimacdstrategy - INFO - RSI-MACD Strategie initialisiert mit Parametern: RSI(14/30/70), MACD(12/26/9), EMA(9/21)
2025-04-26 19:19:29,040 - strategy - INFO - {"timestamp": "2025-04-26T19:19:29.040434", "timezone": "UTC", "symbol": "ADAUSDT", "timeframe": "1m", "decision": "neutral", "signals": {"rsi_oversold": "True", "rsi_overbought": "False", "macd_crossover": "False", "macd_crossunder": "False", "histogram_increasing": "True", "histogram_decreasing": "False", "price_above_ema": "False", "price_below_ema": "True"}, "indicators": {"rsi": 0.0, "macd_line": -0.002885255657468999, "signal_line": -0.002435820779830003, "histogram": -0.00044943487763899606, "ema_short": 0.8129022457334448, "ema_long": 0.8159591941509972}, "reason": "Kein klares Signal"}
2025-04-26 19:19:29,041 - strategy.rsimacdstrategy - INFO - Strategy NEUTRAL signal for ADAUSDT (1m): Kein klares Signal
2025-04-26 19:19:29,041 - strategy.rsimacdstrategy - INFO - Strategie NEUTRAL Signal für ADAUSDT (1m): Kein klares Signal
2025-04-26 19:19:29,389 - strategy - INFO - {"timestamp": "2025-04-26T19:19:29.389467", "timezone": "UTC", "symbol": "ADAUSDT", "timeframe": "60m", "decision": "neutral", "signals": {"rsi_oversold": "True", "rsi_overbought": "False", "macd_crossover": "False", "macd_crossunder": "False", "histogram_increasing": "False", "histogram_decreasing": "True", "price_above_ema": "False", "price_below_ema": "True"}, "indicators": {"rsi": 25.122349102773214, "macd_line": -0.02012503546393396, "signal_line": -0.014431044348362957, "histogram": -0.005693991115571003, "ema_short": 0.7140516050286925, "ema_long": 0.7357652844210877}, "reason": "Kein klares Signal"}
2025-04-26 19:19:29,389 - strategy.rsimacdstrategy - INFO - Strategy NEUTRAL signal for ADAUSDT (60m): Kein klares Signal
2025-04-26 19:19:29,390 - strategy.rsimacdstrategy - INFO - Strategie NEUTRAL Signal für ADAUSDT (60m): Kein klares Signal
2025-04-26 19:20:29,439 - strategy - INFO - {"timestamp": "2025-04-26T19:20:29.439313", "timezone": "UTC", "symbol": "ADAUSDT", "timeframe": "1m", "decision": "neutral", "signals": {"rsi_oversold": "True", "rsi_overbought": "False", "macd_crossover": "False", "macd_crossunder": "False", "histogram_increasing": "True", "histogram_decreasing": "False", "price_above_ema": "False", "price_below_ema": "True"}, "indicators": {"rsi": 0.0, "macd_line": -0.002885255657468999, "signal_line": -0.002435820779830003, "histogram": -0.00044943487763899606, "ema_short": 0.8129022457334448, "ema_long": 0.8159591941509972}, "reason": "Kein klares Signal"}
2025-04-26 19:20:29,439 - strategy.rsimacdstrategy - INFO - Strategy NEUTRAL signal for ADAUSDT (1m): Kein klares Signal
2025-04-26 19:20:29,439 - strategy.rsimacdstrategy - INFO - Strategie NEUTRAL Signal für ADAUSDT (1m): Kein klares Signal
2025-04-26 19:20:29,452 - strategy - INFO - {"timestamp": "2025-04-26T19:20:29.452312", "timezone": "UTC", "symbol": "ADAUSDT", "timeframe": "60m", "decision": "neutral", "signals": {"rsi_oversold": "True", "rsi_overbought": "False", "macd_crossover": "False", "macd_crossunder": "False", "histogram_increasing": "False", "histogram_decreasing": "True", "price_above_ema": "False", "price_below_ema": "True"}, "indicators": {"rsi": 25.122349102773214, "macd_line": -0.02012503546393396, "signal_line": -0.014431044348362957, "histogram": -0.005693991115571003, "ema_short": 0.7140516050286925, "ema_long": 0.7357652844210877}, "reason": "Kein klares Signal"}
2025-04-26 19:20:29,453 - strategy.rsimacdstrategy - INFO - Strategy NEUTRAL signal for ADAUSDT (60m): Kein klares Signal
2025-04-26 19:20:29,453 - strategy.rsimacdstrategy - INFO - Strategie NEUTRAL Signal für ADAUSDT (60m): Kein klares Signal
2025-04-26 19:21:29,499 - strategy - INFO - {"timestamp": "2025-04-26T19:21:29.499844", "timezone": "UTC", "symbol": "ADAUSDT", "timeframe": "1m", "decision": "neutral", "signals": {"rsi_oversold": "True", "rsi_overbought": "False", "macd_crossover": "False", "macd_crossunder": "False", "histogram_increasing": "True", "histogram_decreasing": "False", "price_above_ema": "False", "price_below_ema": "True"}, "indicators": {"rsi": 0.0, "macd_line": -0.002885255657468999, "signal_line": -0.002435820779830003, "histogram": -0.00044943487763899606, "ema_short": 0.8129022457334448, "ema_long": 0.8159591941509972}, "reason": "Kein klares Signal"}
2025-04-26 19:21:29,499 - strategy.rsimacdstrategy - INFO - Strategy NEUTRAL signal for ADAUSDT (1m): Kein klares Signal
2025-04-26 19:21:29,500 - strategy.rsimacdstrategy - INFO - Strategie NEUTRAL Signal für ADAUSDT (1m): Kein klares Signal
2025-04-26 19:21:29,503 - strategy - INFO - {"timestamp": "2025-04-26T19:21:29.503845", "timezone": "UTC", "symbol": "ADAUSDT", "timeframe": "60m", "decision": "neutral", "signals": {"rsi_oversold": "True", "rsi_overbought": "False", "macd_crossover": "False", "macd_crossunder": "False", "histogram_increasing": "False", "histogram_decreasing": "True", "price_above_ema": "False", "price_below_ema": "True"}, "indicators": {"rsi": 25.122349102773214, "macd_line": -0.02012503546393396, "signal_line": -0.014431044348362957, "histogram": -0.005693991115571003, "ema_short": 0.7140516050286925, "ema_long": 0.7357652844210877}, "reason": "Kein klares Signal"}
2025-04-26 19:21:29,503 - strategy.rsimacdstrategy - INFO - Strategy NEUTRAL signal for ADAUSDT (60m): Kein klares Signal
2025-04-26 19:21:29,504 - strategy.rsimacdstrategy - INFO - Strategie NEUTRAL Signal für ADAUSDT (60m): Kein klares Signal
2025-04-26 19:22:29,545 - strategy - INFO - {"timestamp": "2025-04-26T19:22:29.545558", "timezone": "UTC", "symbol": "ADAUSDT", "timeframe": "1m", "decision": "neutral", "signals": {"rsi_oversold": "True", "rsi_overbought": "False", "macd_crossover": "False", "macd_crossunder": "False", "histogram_increasing": "True", "histogram_decreasing": "False", "price_above_ema": "False", "price_below_ema": "True"}, "indicators": {"rsi": 0.0, "macd_line": -0.002885255657468999, "signal_line": -0.002435820779830003, "histogram": -0.00044943487763899606, "ema_short": 0.8129022457334448, "ema_long": 0.8159591941509972}, "reason": "Kein klares Signal"}
2025-04-26 19:22:29,545 - strategy.rsimacdstrategy - INFO - Strategy NEUTRAL signal for ADAUSDT (1m): Kein klares Signal
2025-04-26 19:22:29,546 - strategy.rsimacdstrategy - INFO - Strategie NEUTRAL Signal für ADAUSDT (1m): Kein klares Signal
2025-04-26 19:22:29,549 - strategy - INFO - {"timestamp": "2025-04-26T19:22:29.549557", "timezone": "UTC", "symbol": "ADAUSDT", "timeframe": "60m", "decision": "neutral", "signals": {"rsi_oversold": "True", "rsi_overbought": "False", "macd_crossover": "False", "macd_crossunder": "False", "histogram_increasing": "False", "histogram_decreasing": "True", "price_above_ema": "False", "price_below_ema": "True"}, "indicators": {"rsi": 25.122349102773214, "macd_line": -0.02012503546393396, "signal_line": -0.014431044348362957, "histogram": -0.005693991115571003, "ema_short": 0.7140516050286925, "ema_long": 0.7357652844210877}, "reason": "Kein klares Signal"}
2025-04-26 19:22:29,549 - strategy.rsimacdstrategy - INFO - Strategy NEUTRAL signal for ADAUSDT (60m): Kein klares Signal
2025-04-26 19:22:29,550 - strategy.rsimacdstrategy - INFO - Strategie NEUTRAL Signal für ADAUSDT (60m): Kein klares Signal
2025-04-26 19:23:29,597 - strategy - INFO - {"timestamp": "2025-04-26T19:23:29.597936", "timezone": "UTC", "symbol": "ADAUSDT", "timeframe": "1m", "decision": "neutral", "signals": {"rsi_oversold": "True", "rsi_overbought": "False", "macd_crossover": "False", "macd_crossunder": "False", "histogram_increasing": "True", "histogram_decreasing": "False", "price_above_ema": "False", "price_below_ema": "True"}, "indicators": {"rsi": 0.0, "macd_line": -0.002885255657468999, "signal_line": -0.002435820779830003, "histogram": -0.00044943487763899606, "ema_short": 0.8129022457334448, "ema_long": 0.8159591941509972}, "reason": "Kein klares Signal"}
2025-04-26 19:23:29,598 - strategy.rsimacdstrategy - INFO - Strategy NEUTRAL signal for ADAUSDT (1m): Kein klares Signal
2025-04-26 19:23:29,598 - strategy.rsimacdstrategy - INFO - Strategie NEUTRAL Signal für ADAUSDT (1m): Kein klares Signal
2025-04-26 19:23:29,602 - strategy - INFO - {"timestamp": "2025-04-26T19:23:29.602937", "timezone": "UTC", "symbol": "ADAUSDT", "timeframe": "60m", "decision": "neutral", "signals": {"rsi_oversold": "True", "rsi_overbought": "False", "macd_crossover": "False", "macd_crossunder": "False", "histogram_increasing": "False", "histogram_decreasing": "True", "price_above_ema": "False", "price_below_ema": "True"}, "indicators": {"rsi": 25.122349102773214, "macd_line": -0.02012503546393396, "signal_line": -0.014431044348362957, "histogram": -0.005693991115571003, "ema_short": 0.7140516050286925, "ema_long": 0.7357652844210877}, "reason": "Kein klares Signal"}
2025-04-26 19:23:29,602 - strategy.rsimacdstrategy - INFO - Strategy NEUTRAL signal for ADAUSDT (60m): Kein klares Signal
2025-04-26 19:23:29,603 - strategy.rsimacdstrategy - INFO - Strategie NEUTRAL Signal für ADAUSDT (60m): Kein klares Signal
2025-04-26 19:24:29,649 - strategy - INFO - {"timestamp": "2025-04-26T19:24:29.649130", "timezone": "UTC", "symbol": "ADAUSDT", "timeframe": "1m", "decision": "neutral", "signals": {"rsi_oversold": "True", "rsi_overbought": "False", "macd_crossover": "False", "macd_crossunder": "False", "histogram_increasing": "True", "histogram_decreasing": "False", "price_above_ema": "False", "price_below_ema": "True"}, "indicators": {"rsi": 0.0, "macd_line": -0.002885255657468999, "signal_line": -0.002435820779830003, "histogram": -0.00044943487763899606, "ema_short": 0.8129022457334448, "ema_long": 0.8159591941509972}, "reason": "Kein klares Signal"}
2025-04-26 19:24:29,650 - strategy.rsimacdstrategy - INFO - Strategy NEUTRAL signal for ADAUSDT (1m): Kein klares Signal
2025-04-26 19:24:29,650 - strategy.rsimacdstrategy - INFO - Strategie NEUTRAL Signal für ADAUSDT (1m): Kein klares Signal
2025-04-26 19:24:29,653 - strategy - INFO - {"timestamp": "2025-04-26T19:24:29.653131", "timezone": "UTC", "symbol": "ADAUSDT", "timeframe": "60m", "decision": "neutral", "signals": {"rsi_oversold": "True", "rsi_overbought": "False", "macd_crossover": "False", "macd_crossunder": "False", "histogram_increasing": "False", "histogram_decreasing": "True", "price_above_ema": "False", "price_below_ema": "True"}, "indicators": {"rsi": 25.122349102773214, "macd_line": -0.02012503546393396, "signal_line": -0.014431044348362957, "histogram": -0.005693991115571003, "ema_short": 0.7140516050286925, "ema_long": 0.7357652844210877}, "reason": "Kein klares Signal"}
2025-04-26 19:24:29,654 - strategy.rsimacdstrategy - INFO - Strategy NEUTRAL signal for ADAUSDT (60m): Kein klares Signal
2025-04-26 19:24:29,654 - strategy.rsimacdstrategy - INFO - Strategie NEUTRAL Signal für ADAUSDT (60m): Kein klares Signal
2025-04-26 19:25:29,700 - strategy - INFO - {"timestamp": "2025-04-26T19:25:29.700073", "timezone": "UTC", "symbol": "ADAUSDT", "timeframe": "1m", "decision": "neutral", "signals": {"rsi_oversold": "True", "rsi_overbought": "False", "macd_crossover": "False", "macd_crossunder": "False", "histogram_increasing": "True", "histogram_decreasing": "False", "price_above_ema": "False", "price_below_ema": "True"}, "indicators": {"rsi": 0.0, "macd_line": -0.002885255657468999, "signal_line": -0.002435820779830003, "histogram": -0.00044943487763899606, "ema_short": 0.8129022457334448, "ema_long": 0.8159591941509972}, "reason": "Kein klares Signal"}
2025-04-26 19:25:29,701 - strategy.rsimacdstrategy - INFO - Strategy NEUTRAL signal for ADAUSDT (1m): Kein klares Signal
2025-04-26 19:25:29,701 - strategy.rsimacdstrategy - INFO - Strategie NEUTRAL Signal für ADAUSDT (1m): Kein klares Signal
2025-04-26 19:25:29,704 - strategy - INFO - {"timestamp": "2025-04-26T19:25:29.704075", "timezone": "UTC", "symbol": "ADAUSDT", "timeframe": "60m", "decision": "neutral", "signals": {"rsi_oversold": "True", "rsi_overbought": "False", "macd_crossover": "False", "macd_crossunder": "False", "histogram_increasing": "False", "histogram_decreasing": "True", "price_above_ema": "False", "price_below_ema": "True"}, "indicators": {"rsi": 25.122349102773214, "macd_line": -0.02012503546393396, "signal_line": -0.014431044348362957, "histogram": -0.005693991115571003, "ema_short": 0.7140516050286925, "ema_long": 0.7357652844210877}, "reason": "Kein klares Signal"}
2025-04-26 19:25:29,704 - strategy.rsimacdstrategy - INFO - Strategy NEUTRAL signal for ADAUSDT (60m): Kein klares Signal
2025-04-26 19:25:29,705 - strategy.rsimacdstrategy - INFO - Strategie NEUTRAL Signal für ADAUSDT (60m): Kein klares Signal
2025-04-26 19:26:29,755 - strategy - INFO - {"timestamp": "2025-04-26T19:26:29.755332", "timezone": "UTC", "symbol": "ADAUSDT", "timeframe": "1m", "decision": "neutral", "signals": {"rsi_oversold": "True", "rsi_overbought": "False", "macd_crossover": "False", "macd_crossunder": "False", "histogram_increasing": "True", "histogram_decreasing": "False", "price_above_ema": "False", "price_below_ema": "True"}, "indicators": {"rsi": 0.0, "macd_line": -0.002885255657468999, "signal_line": -0.002435820779830003, "histogram": -0.00044943487763899606, "ema_short": 0.8129022457334448, "ema_long": 0.8159591941509972}, "reason": "Kein klares Signal"}
2025-04-26 19:26:29,756 - strategy.rsimacdstrategy - INFO - Strategy NEUTRAL signal for ADAUSDT (1m): Kein klares Signal
2025-04-26 19:26:29,756 - strategy.rsimacdstrategy - INFO - Strategie NEUTRAL Signal für ADAUSDT (1m): Kein klares Signal
2025-04-26 19:26:29,760 - strategy - INFO - {"timestamp": "2025-04-26T19:26:29.760332", "timezone": "UTC", "symbol": "ADAUSDT", "timeframe": "60m", "decision": "neutral", "signals": {"rsi_oversold": "True", "rsi_overbought": "False", "macd_crossover": "False", "macd_crossunder": "False", "histogram_increasing": "False", "histogram_decreasing": "True", "price_above_ema": "False", "price_below_ema": "True"}, "indicators": {"rsi": 25.122349102773214, "macd_line": -0.02012503546393396, "signal_line": -0.014431044348362957, "histogram": -0.005693991115571003, "ema_short": 0.7140516050286925, "ema_long": 0.7357652844210877}, "reason": "Kein klares Signal"}
2025-04-26 19:26:29,760 - strategy.rsimacdstrategy - INFO - Strategy NEUTRAL signal for ADAUSDT (60m): Kein klares Signal
2025-04-26 19:26:29,761 - strategy.rsimacdstrategy - INFO - Strategie NEUTRAL Signal für ADAUSDT (60m): Kein klares Signal
2025-04-26 19:27:29,809 - strategy - INFO - {"timestamp": "2025-04-26T19:27:29.809765", "timezone": "UTC", "symbol": "ADAUSDT", "timeframe": "1m", "decision": "neutral", "signals": {"rsi_oversold": "True", "rsi_overbought": "False", "macd_crossover": "False", "macd_crossunder": "False", "histogram_increasing": "True", "histogram_decreasing": "False", "price_above_ema": "False", "price_below_ema": "True"}, "indicators": {"rsi": 0.0, "macd_line": -0.002885255657468999, "signal_line": -0.002435820779830003, "histogram": -0.00044943487763899606, "ema_short": 0.8129022457334448, "ema_long": 0.8159591941509972}, "reason": "Kein klares Signal"}
2025-04-26 19:27:29,809 - strategy.rsimacdstrategy - INFO - Strategy NEUTRAL signal for ADAUSDT (1m): Kein klares Signal
2025-04-26 19:27:29,810 - strategy.rsimacdstrategy - INFO - Strategie NEUTRAL Signal für ADAUSDT (1m): Kein klares Signal
2025-04-26 19:27:29,813 - strategy - INFO - {"timestamp": "2025-04-26T19:27:29.813766", "timezone": "UTC", "symbol": "ADAUSDT", "timeframe": "60m", "decision": "neutral", "signals": {"rsi_oversold": "True", "rsi_overbought": "False", "macd_crossover": "False", "macd_crossunder": "False", "histogram_increasing": "False", "histogram_decreasing": "True", "price_above_ema": "False", "price_below_ema": "True"}, "indicators": {"rsi": 25.122349102773214, "macd_line": -0.02012503546393396, "signal_line": -0.014431044348362957, "histogram": -0.005693991115571003, "ema_short": 0.7140516050286925, "ema_long": 0.7357652844210877}, "reason": "Kein klares Signal"}
2025-04-26 19:27:29,813 - strategy.rsimacdstrategy - INFO - Strategy NEUTRAL signal for ADAUSDT (60m): Kein klares Signal
2025-04-26 19:27:29,813 - strategy.rsimacdstrategy - INFO - Strategie NEUTRAL Signal für ADAUSDT (60m): Kein klares Signal
